<?xml version="1.0" encoding="UTF-8"?>
<robot generator="Robot 3.1.2 (Python 3.7.4 on win32)" generated="20190916 15:26:59.034" rpa="false">
<suite id="s1" name="TC001 CreatFaceBookAccount" source="C:\Users\rchethana\Documents\Practise_RobotFramework\Testcases\TC001_CreatFaceBookAccount.robot">
<test id="s1-t1" name="TC001_Creat_FaceBookAccount">
<kw name="Open Browser" library="SeleniumLibrary">
<doc>Opens a new browser instance to the given ``url``.</doc>
<arguments>
<arg>${Url}</arg>
<arg>${Browser}</arg>
</arguments>
<msg timestamp="20190916 15:26:59.610" level="INFO">Opening browser 'Chrome' to base url 'https://www.facebook.com/'.</msg>
<status status="PASS" starttime="20190916 15:26:59.610" endtime="20190916 15:27:16.048"></status>
</kw>
<kw name="Maximize Browser Window" library="SeleniumLibrary">
<doc>Maximizes current browser window.</doc>
<status status="PASS" starttime="20190916 15:27:16.049" endtime="20190916 15:27:20.258"></status>
</kw>
<kw name="READ LOCATOR">
<arguments>
<arg>NewAccount.FirstName_TextBox</arg>
</arguments>
<assign>
<var>${objLocator}</var>
</assign>
<kw name="Read Value From Jasonfile" library="locators">
<arguments>
<arg>${Jsonpath}</arg>
</arguments>
<assign>
<var>${Val}</var>
</assign>
<msg timestamp="20190916 15:27:20.262" level="INFO">${Val} = //input[@name='firstname']</msg>
<status status="PASS" starttime="20190916 15:27:20.259" endtime="20190916 15:27:20.262"></status>
</kw>
<msg timestamp="20190916 15:27:20.263" level="INFO">${objLocator} = //input[@name='firstname']</msg>
<status status="PASS" starttime="20190916 15:27:20.259" endtime="20190916 15:27:20.263"></status>
</kw>
<kw name="Log To Console" library="BuiltIn">
<doc>Logs the given message to the console.</doc>
<arguments>
<arg>${objLocator}</arg>
</arguments>
<status status="PASS" starttime="20190916 15:27:20.263" endtime="20190916 15:27:20.263"></status>
</kw>
<kw name="Input Text" library="SeleniumLibrary">
<doc>Types the given ``text`` into text field identified by ``locator``.</doc>
<arguments>
<arg>xpath:${objLocator}</arg>
<arg>chethana</arg>
</arguments>
<msg timestamp="20190916 15:27:20.264" level="INFO">Typing text 'chethana' into text field 'xpath://input[@name='firstname']'.</msg>
<status status="PASS" starttime="20190916 15:27:20.264" endtime="20190916 15:27:20.449"></status>
</kw>
<kw name="READ LOCATOR">
<arguments>
<arg>NewAccount.LastName_TextBox</arg>
</arguments>
<assign>
<var>${objLocator}</var>
</assign>
<kw name="Read Value From Jasonfile" library="locators">
<arguments>
<arg>${Jsonpath}</arg>
</arguments>
<assign>
<var>${Val}</var>
</assign>
<msg timestamp="20190916 15:27:20.455" level="INFO">${Val} = //input[@name='lastname']</msg>
<status status="PASS" starttime="20190916 15:27:20.451" endtime="20190916 15:27:20.455"></status>
</kw>
<msg timestamp="20190916 15:27:20.455" level="INFO">${objLocator} = //input[@name='lastname']</msg>
<status status="PASS" starttime="20190916 15:27:20.450" endtime="20190916 15:27:20.455"></status>
</kw>
<kw name="Log To Console" library="BuiltIn">
<doc>Logs the given message to the console.</doc>
<arguments>
<arg>${objLocator}</arg>
</arguments>
<status status="PASS" starttime="20190916 15:27:20.456" endtime="20190916 15:27:20.456"></status>
</kw>
<kw name="Input Text" library="SeleniumLibrary">
<doc>Types the given ``text`` into text field identified by ``locator``.</doc>
<arguments>
<arg>xpath:${objLocator}</arg>
<arg>chethana</arg>
</arguments>
<msg timestamp="20190916 15:27:20.457" level="INFO">Typing text 'chethana' into text field 'xpath://input[@name='lastname']'.</msg>
<status status="PASS" starttime="20190916 15:27:20.456" endtime="20190916 15:27:20.611"></status>
</kw>
<kw name="READ LOCATOR">
<arguments>
<arg>NewAccount.Mobile_Email_TextBox</arg>
</arguments>
<assign>
<var>${objLocator}</var>
</assign>
<kw name="Read Value From Jasonfile" library="locators">
<arguments>
<arg>${Jsonpath}</arg>
</arguments>
<assign>
<var>${Val}</var>
</assign>
<msg timestamp="20190916 15:27:20.614" level="INFO">${Val} = //input[@name='reg_email__']</msg>
<status status="PASS" starttime="20190916 15:27:20.612" endtime="20190916 15:27:20.614"></status>
</kw>
<msg timestamp="20190916 15:27:20.615" level="INFO">${objLocator} = //input[@name='reg_email__']</msg>
<status status="PASS" starttime="20190916 15:27:20.612" endtime="20190916 15:27:20.615"></status>
</kw>
<kw name="Log To Console" library="BuiltIn">
<doc>Logs the given message to the console.</doc>
<arguments>
<arg>${objLocator}</arg>
</arguments>
<status status="PASS" starttime="20190916 15:27:20.615" endtime="20190916 15:27:20.616"></status>
</kw>
<kw name="Input Text" library="SeleniumLibrary">
<doc>Types the given ``text`` into text field identified by ``locator``.</doc>
<arguments>
<arg>xpath:${objLocator}</arg>
<arg>chethana</arg>
</arguments>
<msg timestamp="20190916 15:27:20.617" level="INFO">Typing text 'chethana' into text field 'xpath://input[@name='reg_email__']'.</msg>
<status status="PASS" starttime="20190916 15:27:20.617" endtime="20190916 15:27:20.774"></status>
</kw>
<kw name="READ LOCATOR">
<arguments>
<arg>NewAccount.Password_TextBox</arg>
</arguments>
<assign>
<var>${objLocator}</var>
</assign>
<kw name="Read Value From Jasonfile" library="locators">
<arguments>
<arg>${Jsonpath}</arg>
</arguments>
<assign>
<var>${Val}</var>
</assign>
<msg timestamp="20190916 15:27:20.778" level="INFO">${Val} = //input[@name='reg_passwd__']</msg>
<status status="PASS" starttime="20190916 15:27:20.775" endtime="20190916 15:27:20.778"></status>
</kw>
<msg timestamp="20190916 15:27:20.779" level="INFO">${objLocator} = //input[@name='reg_passwd__']</msg>
<status status="PASS" starttime="20190916 15:27:20.775" endtime="20190916 15:27:20.779"></status>
</kw>
<kw name="Log To Console" library="BuiltIn">
<doc>Logs the given message to the console.</doc>
<arguments>
<arg>${objLocator}</arg>
</arguments>
<status status="PASS" starttime="20190916 15:27:20.779" endtime="20190916 15:27:20.781"></status>
</kw>
<kw name="Input Text" library="SeleniumLibrary">
<doc>Types the given ``text`` into text field identified by ``locator``.</doc>
<arguments>
<arg>xpath:${objLocator}</arg>
<arg>chethana</arg>
</arguments>
<msg timestamp="20190916 15:27:20.782" level="INFO">Typing text 'chethana' into text field 'xpath://input[@name='reg_passwd__']'.</msg>
<status status="PASS" starttime="20190916 15:27:20.781" endtime="20190916 15:27:20.938"></status>
</kw>
<kw name="Sleep" library="BuiltIn">
<doc>Pauses the test executed for the given time.</doc>
<arguments>
<arg>5</arg>
</arguments>
<msg timestamp="20190916 15:27:25.941" level="INFO">Slept 5 seconds</msg>
<status status="PASS" starttime="20190916 15:27:20.939" endtime="20190916 15:27:25.941"></status>
</kw>
<kw name="Close Browser" library="SeleniumLibrary">
<doc>Closes the current browser.</doc>
<status status="PASS" starttime="20190916 15:27:25.942" endtime="20190916 15:27:28.762"></status>
</kw>
<status status="PASS" starttime="20190916 15:26:59.610" endtime="20190916 15:27:28.763" critical="yes"></status>
</test>
<status status="PASS" starttime="20190916 15:26:59.040" endtime="20190916 15:27:28.768"></status>
</suite>
<statistics>
<total>
<stat pass="1" fail="0">Critical Tests</stat>
<stat pass="1" fail="0">All Tests</stat>
</total>
<tag>
</tag>
<suite>
<stat pass="1" fail="0" id="s1" name="TC001 CreatFaceBookAccount">TC001 CreatFaceBookAccount</stat>
</suite>
</statistics>
<errors>
</errors>
</robot>
