<?xml version="1.0" encoding="UTF-8"?>
<robot generator="Robot 3.1.2 (Python 3.7.4 on win32)" generated="20190917 12:12:22.434" rpa="false">
<suite id="s1" name="TC001 Login Facebook" source="C:\Users\rchethana\Documents\Practise_RobotFramework\Testcases\TC001_Login_Facebook.robot">
<test id="s1-t1" name="Log IN Verificartion With Multiple Inputs">
<kw name="Open Browser And Maximize" library="UserDefindKeyword" type="setup">
<kw name="Open Browser" library="SeleniumLibrary">
<doc>Opens a new browser instance to the given ``url``.</doc>
<arguments>
<arg>${Url}</arg>
<arg>${Browser}</arg>
</arguments>
<msg timestamp="20190917 12:12:23.983" level="INFO">Opening browser 'Chrome' to base url 'https://www.facebook.com/'.</msg>
<status status="PASS" starttime="20190917 12:12:23.983" endtime="20190917 12:12:39.628"></status>
</kw>
<kw name="Maximize Browser Window" library="SeleniumLibrary">
<doc>Maximizes current browser window.</doc>
<status status="PASS" starttime="20190917 12:12:39.628" endtime="20190917 12:12:43.783"></status>
</kw>
<status status="PASS" starttime="20190917 12:12:23.983" endtime="20190917 12:12:43.783"></status>
</kw>
<kw name="Get Max Row Number From Excel" library="UserDefindKeyword">
<arguments>
<arg>Login_Credentials</arg>
</arguments>
<assign>
<var>${row}</var>
</assign>
<kw name="Read Max Rows From Excel" library="Login">
<arguments>
<arg>${SheetName}</arg>
</arguments>
<assign>
<var>${Max_Row}</var>
</assign>
<msg timestamp="20190917 12:12:43.785" level="INFO">${Max_Row} = 6</msg>
<status status="PASS" starttime="20190917 12:12:43.784" endtime="20190917 12:12:43.785"></status>
</kw>
<msg timestamp="20190917 12:12:43.785" level="INFO">${row} = 6</msg>
<status status="PASS" starttime="20190917 12:12:43.784" endtime="20190917 12:12:43.786"></status>
</kw>
<kw name="${i} IN RANGE [ 2 | ${row}+1 ]" type="for">
<kw name="${i} = 2" type="foritem">
<kw name="Read Excel Data of Given Sheet" library="UserDefindKeyword">
<arguments>
<arg>Login_Credentials</arg>
<arg>${i}</arg>
<arg>1</arg>
</arguments>
<assign>
<var>${UserName}</var>
</assign>
<kw name="Read Cell Value" library="Login">
<arguments>
<arg>${SheetName}</arg>
<arg>${Row}</arg>
<arg>${Col}</arg>
</arguments>
<assign>
<var>${Cell_Value}</var>
</assign>
<msg timestamp="20190917 12:12:43.788" level="INFO">${Cell_Value} = user1</msg>
<status status="PASS" starttime="20190917 12:12:43.788" endtime="20190917 12:12:43.788"></status>
</kw>
<msg timestamp="20190917 12:12:43.788" level="INFO">${UserName} = user1</msg>
<status status="PASS" starttime="20190917 12:12:43.787" endtime="20190917 12:12:43.788"></status>
</kw>
<kw name="Read Excel Data of Given Sheet" library="UserDefindKeyword">
<arguments>
<arg>Login_Credentials</arg>
<arg>${i}</arg>
<arg>2</arg>
</arguments>
<assign>
<var>${Password}</var>
</assign>
<kw name="Read Cell Value" library="Login">
<arguments>
<arg>${SheetName}</arg>
<arg>${Row}</arg>
<arg>${Col}</arg>
</arguments>
<assign>
<var>${Cell_Value}</var>
</assign>
<msg timestamp="20190917 12:12:43.789" level="INFO">${Cell_Value} = Pass1</msg>
<status status="PASS" starttime="20190917 12:12:43.789" endtime="20190917 12:12:43.790"></status>
</kw>
<msg timestamp="20190917 12:12:43.790" level="INFO">${Password} = Pass1</msg>
<status status="PASS" starttime="20190917 12:12:43.789" endtime="20190917 12:12:43.790"></status>
</kw>
<kw name="Read Element Locator" library="UserDefindKeyword">
<arguments>
<arg>Login_Facebook.username_textbox</arg>
</arguments>
<assign>
<var>${UserName_Xpath}</var>
</assign>
<kw name="Read From Json File" library="Login">
<arguments>
<arg>${ElementName}</arg>
</arguments>
<assign>
<var>${Result}</var>
</assign>
<msg timestamp="20190917 12:12:43.793" level="INFO">${Result} = //input[@name='email']</msg>
<status status="PASS" starttime="20190917 12:12:43.790" endtime="20190917 12:12:43.793"></status>
</kw>
<msg timestamp="20190917 12:12:43.793" level="INFO">${UserName_Xpath} = //input[@name='email']</msg>
<status status="PASS" starttime="20190917 12:12:43.790" endtime="20190917 12:12:43.793"></status>
</kw>
<kw name="Read Element Locator" library="UserDefindKeyword">
<arguments>
<arg>Login_Facebook.password_textbox</arg>
</arguments>
<assign>
<var>${password_Xpath}</var>
</assign>
<kw name="Read From Json File" library="Login">
<arguments>
<arg>${ElementName}</arg>
</arguments>
<assign>
<var>${Result}</var>
</assign>
<msg timestamp="20190917 12:12:43.796" level="INFO">${Result} = //input[@name='pass']</msg>
<status status="PASS" starttime="20190917 12:12:43.794" endtime="20190917 12:12:43.796"></status>
</kw>
<msg timestamp="20190917 12:12:43.796" level="INFO">${password_Xpath} = //input[@name='pass']</msg>
<status status="PASS" starttime="20190917 12:12:43.794" endtime="20190917 12:12:43.796"></status>
</kw>
<kw name="Read Element Locator" library="UserDefindKeyword">
<arguments>
<arg>Login_Facebook.Login_Button</arg>
</arguments>
<assign>
<var>${Login_Xpath}</var>
</assign>
<kw name="Read From Json File" library="Login">
<arguments>
<arg>${ElementName}</arg>
</arguments>
<assign>
<var>${Result}</var>
</assign>
<msg timestamp="20190917 12:12:43.799" level="INFO">${Result} = //input[@type='submit']</msg>
<status status="PASS" starttime="20190917 12:12:43.797" endtime="20190917 12:12:43.799"></status>
</kw>
<msg timestamp="20190917 12:12:43.799" level="INFO">${Login_Xpath} = //input[@type='submit']</msg>
<status status="PASS" starttime="20190917 12:12:43.796" endtime="20190917 12:12:43.799"></status>
</kw>
<kw name="Input Text" library="SeleniumLibrary">
<doc>Types the given ``text`` into text field identified by ``locator``.</doc>
<arguments>
<arg>xpath:${UserName_Xpath}</arg>
<arg>${UserName}</arg>
</arguments>
<msg timestamp="20190917 12:12:43.800" level="INFO">Typing text 'user1' into text field 'xpath://input[@name='email']'.</msg>
<status status="PASS" starttime="20190917 12:12:43.799" endtime="20190917 12:12:43.945"></status>
</kw>
<kw name="Input Text" library="SeleniumLibrary">
<doc>Types the given ``text`` into text field identified by ``locator``.</doc>
<arguments>
<arg>xpath:${password_Xpath}</arg>
<arg>${Password}</arg>
</arguments>
<msg timestamp="20190917 12:12:43.945" level="INFO">Typing text 'Pass1' into text field 'xpath://input[@name='pass']'.</msg>
<status status="PASS" starttime="20190917 12:12:43.945" endtime="20190917 12:12:44.081"></status>
</kw>
<kw name="Sleep" library="BuiltIn">
<doc>Pauses the test executed for the given time.</doc>
<arguments>
<arg>5</arg>
</arguments>
<msg timestamp="20190917 12:12:49.087" level="INFO">Slept 5 seconds</msg>
<status status="PASS" starttime="20190917 12:12:44.081" endtime="20190917 12:12:49.087"></status>
</kw>
<status status="PASS" starttime="20190917 12:12:43.787" endtime="20190917 12:12:49.087"></status>
</kw>
<kw name="${i} = 3" type="foritem">
<kw name="Read Excel Data of Given Sheet" library="UserDefindKeyword">
<arguments>
<arg>Login_Credentials</arg>
<arg>${i}</arg>
<arg>1</arg>
</arguments>
<assign>
<var>${UserName}</var>
</assign>
<kw name="Read Cell Value" library="Login">
<arguments>
<arg>${SheetName}</arg>
<arg>${Row}</arg>
<arg>${Col}</arg>
</arguments>
<assign>
<var>${Cell_Value}</var>
</assign>
<msg timestamp="20190917 12:12:49.117" level="INFO">${Cell_Value} = user2</msg>
<status status="PASS" starttime="20190917 12:12:49.117" endtime="20190917 12:12:49.117"></status>
</kw>
<msg timestamp="20190917 12:12:49.117" level="INFO">${UserName} = user2</msg>
<status status="PASS" starttime="20190917 12:12:49.087" endtime="20190917 12:12:49.117"></status>
</kw>
<kw name="Read Excel Data of Given Sheet" library="UserDefindKeyword">
<arguments>
<arg>Login_Credentials</arg>
<arg>${i}</arg>
<arg>2</arg>
</arguments>
<assign>
<var>${Password}</var>
</assign>
<kw name="Read Cell Value" library="Login">
<arguments>
<arg>${SheetName}</arg>
<arg>${Row}</arg>
<arg>${Col}</arg>
</arguments>
<assign>
<var>${Cell_Value}</var>
</assign>
<msg timestamp="20190917 12:12:49.117" level="INFO">${Cell_Value} = Pass2</msg>
<status status="PASS" starttime="20190917 12:12:49.117" endtime="20190917 12:12:49.127"></status>
</kw>
<msg timestamp="20190917 12:12:49.127" level="INFO">${Password} = Pass2</msg>
<status status="PASS" starttime="20190917 12:12:49.117" endtime="20190917 12:12:49.127"></status>
</kw>
<kw name="Read Element Locator" library="UserDefindKeyword">
<arguments>
<arg>Login_Facebook.username_textbox</arg>
</arguments>
<assign>
<var>${UserName_Xpath}</var>
</assign>
<kw name="Read From Json File" library="Login">
<arguments>
<arg>${ElementName}</arg>
</arguments>
<assign>
<var>${Result}</var>
</assign>
<msg timestamp="20190917 12:12:49.127" level="INFO">${Result} = //input[@name='email']</msg>
<status status="PASS" starttime="20190917 12:12:49.127" endtime="20190917 12:12:49.127"></status>
</kw>
<msg timestamp="20190917 12:12:49.127" level="INFO">${UserName_Xpath} = //input[@name='email']</msg>
<status status="PASS" starttime="20190917 12:12:49.127" endtime="20190917 12:12:49.127"></status>
</kw>
<kw name="Read Element Locator" library="UserDefindKeyword">
<arguments>
<arg>Login_Facebook.password_textbox</arg>
</arguments>
<assign>
<var>${password_Xpath}</var>
</assign>
<kw name="Read From Json File" library="Login">
<arguments>
<arg>${ElementName}</arg>
</arguments>
<assign>
<var>${Result}</var>
</assign>
<msg timestamp="20190917 12:12:49.127" level="INFO">${Result} = //input[@name='pass']</msg>
<status status="PASS" starttime="20190917 12:12:49.127" endtime="20190917 12:12:49.127"></status>
</kw>
<msg timestamp="20190917 12:12:49.127" level="INFO">${password_Xpath} = //input[@name='pass']</msg>
<status status="PASS" starttime="20190917 12:12:49.127" endtime="20190917 12:12:49.127"></status>
</kw>
<kw name="Read Element Locator" library="UserDefindKeyword">
<arguments>
<arg>Login_Facebook.Login_Button</arg>
</arguments>
<assign>
<var>${Login_Xpath}</var>
</assign>
<kw name="Read From Json File" library="Login">
<arguments>
<arg>${ElementName}</arg>
</arguments>
<assign>
<var>${Result}</var>
</assign>
<msg timestamp="20190917 12:12:49.137" level="INFO">${Result} = //input[@type='submit']</msg>
<status status="PASS" starttime="20190917 12:12:49.127" endtime="20190917 12:12:49.137"></status>
</kw>
<msg timestamp="20190917 12:12:49.137" level="INFO">${Login_Xpath} = //input[@type='submit']</msg>
<status status="PASS" starttime="20190917 12:12:49.127" endtime="20190917 12:12:49.137"></status>
</kw>
<kw name="Input Text" library="SeleniumLibrary">
<doc>Types the given ``text`` into text field identified by ``locator``.</doc>
<arguments>
<arg>xpath:${UserName_Xpath}</arg>
<arg>${UserName}</arg>
</arguments>
<msg timestamp="20190917 12:12:49.137" level="INFO">Typing text 'user2' into text field 'xpath://input[@name='email']'.</msg>
<status status="PASS" starttime="20190917 12:12:49.137" endtime="20190917 12:12:49.260"></status>
</kw>
<kw name="Input Text" library="SeleniumLibrary">
<doc>Types the given ``text`` into text field identified by ``locator``.</doc>
<arguments>
<arg>xpath:${password_Xpath}</arg>
<arg>${Password}</arg>
</arguments>
<msg timestamp="20190917 12:12:49.260" level="INFO">Typing text 'Pass2' into text field 'xpath://input[@name='pass']'.</msg>
<status status="PASS" starttime="20190917 12:12:49.260" endtime="20190917 12:12:49.375"></status>
</kw>
<kw name="Sleep" library="BuiltIn">
<doc>Pauses the test executed for the given time.</doc>
<arguments>
<arg>5</arg>
</arguments>
<msg timestamp="20190917 12:12:54.385" level="INFO">Slept 5 seconds</msg>
<status status="PASS" starttime="20190917 12:12:49.375" endtime="20190917 12:12:54.385"></status>
</kw>
<status status="PASS" starttime="20190917 12:12:49.087" endtime="20190917 12:12:54.385"></status>
</kw>
<kw name="${i} = 4" type="foritem">
<kw name="Read Excel Data of Given Sheet" library="UserDefindKeyword">
<arguments>
<arg>Login_Credentials</arg>
<arg>${i}</arg>
<arg>1</arg>
</arguments>
<assign>
<var>${UserName}</var>
</assign>
<kw name="Read Cell Value" library="Login">
<arguments>
<arg>${SheetName}</arg>
<arg>${Row}</arg>
<arg>${Col}</arg>
</arguments>
<assign>
<var>${Cell_Value}</var>
</assign>
<msg timestamp="20190917 12:12:54.385" level="INFO">${Cell_Value} = user3</msg>
<status status="PASS" starttime="20190917 12:12:54.385" endtime="20190917 12:12:54.385"></status>
</kw>
<msg timestamp="20190917 12:12:54.385" level="INFO">${UserName} = user3</msg>
<status status="PASS" starttime="20190917 12:12:54.385" endtime="20190917 12:12:54.385"></status>
</kw>
<kw name="Read Excel Data of Given Sheet" library="UserDefindKeyword">
<arguments>
<arg>Login_Credentials</arg>
<arg>${i}</arg>
<arg>2</arg>
</arguments>
<assign>
<var>${Password}</var>
</assign>
<kw name="Read Cell Value" library="Login">
<arguments>
<arg>${SheetName}</arg>
<arg>${Row}</arg>
<arg>${Col}</arg>
</arguments>
<assign>
<var>${Cell_Value}</var>
</assign>
<msg timestamp="20190917 12:12:54.395" level="INFO">${Cell_Value} = Pass3</msg>
<status status="PASS" starttime="20190917 12:12:54.385" endtime="20190917 12:12:54.395"></status>
</kw>
<msg timestamp="20190917 12:12:54.395" level="INFO">${Password} = Pass3</msg>
<status status="PASS" starttime="20190917 12:12:54.385" endtime="20190917 12:12:54.395"></status>
</kw>
<kw name="Read Element Locator" library="UserDefindKeyword">
<arguments>
<arg>Login_Facebook.username_textbox</arg>
</arguments>
<assign>
<var>${UserName_Xpath}</var>
</assign>
<kw name="Read From Json File" library="Login">
<arguments>
<arg>${ElementName}</arg>
</arguments>
<assign>
<var>${Result}</var>
</assign>
<msg timestamp="20190917 12:12:54.395" level="INFO">${Result} = //input[@name='email']</msg>
<status status="PASS" starttime="20190917 12:12:54.395" endtime="20190917 12:12:54.395"></status>
</kw>
<msg timestamp="20190917 12:12:54.405" level="INFO">${UserName_Xpath} = //input[@name='email']</msg>
<status status="PASS" starttime="20190917 12:12:54.395" endtime="20190917 12:12:54.405"></status>
</kw>
<kw name="Read Element Locator" library="UserDefindKeyword">
<arguments>
<arg>Login_Facebook.password_textbox</arg>
</arguments>
<assign>
<var>${password_Xpath}</var>
</assign>
<kw name="Read From Json File" library="Login">
<arguments>
<arg>${ElementName}</arg>
</arguments>
<assign>
<var>${Result}</var>
</assign>
<msg timestamp="20190917 12:12:54.405" level="INFO">${Result} = //input[@name='pass']</msg>
<status status="PASS" starttime="20190917 12:12:54.405" endtime="20190917 12:12:54.405"></status>
</kw>
<msg timestamp="20190917 12:12:54.405" level="INFO">${password_Xpath} = //input[@name='pass']</msg>
<status status="PASS" starttime="20190917 12:12:54.405" endtime="20190917 12:12:54.405"></status>
</kw>
<kw name="Read Element Locator" library="UserDefindKeyword">
<arguments>
<arg>Login_Facebook.Login_Button</arg>
</arguments>
<assign>
<var>${Login_Xpath}</var>
</assign>
<kw name="Read From Json File" library="Login">
<arguments>
<arg>${ElementName}</arg>
</arguments>
<assign>
<var>${Result}</var>
</assign>
<msg timestamp="20190917 12:12:54.415" level="INFO">${Result} = //input[@type='submit']</msg>
<status status="PASS" starttime="20190917 12:12:54.415" endtime="20190917 12:12:54.415"></status>
</kw>
<msg timestamp="20190917 12:12:54.415" level="INFO">${Login_Xpath} = //input[@type='submit']</msg>
<status status="PASS" starttime="20190917 12:12:54.405" endtime="20190917 12:12:54.415"></status>
</kw>
<kw name="Input Text" library="SeleniumLibrary">
<doc>Types the given ``text`` into text field identified by ``locator``.</doc>
<arguments>
<arg>xpath:${UserName_Xpath}</arg>
<arg>${UserName}</arg>
</arguments>
<msg timestamp="20190917 12:12:54.425" level="INFO">Typing text 'user3' into text field 'xpath://input[@name='email']'.</msg>
<status status="PASS" starttime="20190917 12:12:54.415" endtime="20190917 12:12:54.578"></status>
</kw>
<kw name="Input Text" library="SeleniumLibrary">
<doc>Types the given ``text`` into text field identified by ``locator``.</doc>
<arguments>
<arg>xpath:${password_Xpath}</arg>
<arg>${Password}</arg>
</arguments>
<msg timestamp="20190917 12:12:54.579" level="INFO">Typing text 'Pass3' into text field 'xpath://input[@name='pass']'.</msg>
<status status="PASS" starttime="20190917 12:12:54.578" endtime="20190917 12:12:54.727"></status>
</kw>
<kw name="Sleep" library="BuiltIn">
<doc>Pauses the test executed for the given time.</doc>
<arguments>
<arg>5</arg>
</arguments>
<msg timestamp="20190917 12:12:59.736" level="INFO">Slept 5 seconds</msg>
<status status="PASS" starttime="20190917 12:12:54.727" endtime="20190917 12:12:59.736"></status>
</kw>
<status status="PASS" starttime="20190917 12:12:54.385" endtime="20190917 12:12:59.736"></status>
</kw>
<kw name="${i} = 5" type="foritem">
<kw name="Read Excel Data of Given Sheet" library="UserDefindKeyword">
<arguments>
<arg>Login_Credentials</arg>
<arg>${i}</arg>
<arg>1</arg>
</arguments>
<assign>
<var>${UserName}</var>
</assign>
<kw name="Read Cell Value" library="Login">
<arguments>
<arg>${SheetName}</arg>
<arg>${Row}</arg>
<arg>${Col}</arg>
</arguments>
<assign>
<var>${Cell_Value}</var>
</assign>
<msg timestamp="20190917 12:12:59.736" level="INFO">${Cell_Value} = user4</msg>
<status status="PASS" starttime="20190917 12:12:59.736" endtime="20190917 12:12:59.736"></status>
</kw>
<msg timestamp="20190917 12:12:59.736" level="INFO">${UserName} = user4</msg>
<status status="PASS" starttime="20190917 12:12:59.736" endtime="20190917 12:12:59.736"></status>
</kw>
<kw name="Read Excel Data of Given Sheet" library="UserDefindKeyword">
<arguments>
<arg>Login_Credentials</arg>
<arg>${i}</arg>
<arg>2</arg>
</arguments>
<assign>
<var>${Password}</var>
</assign>
<kw name="Read Cell Value" library="Login">
<arguments>
<arg>${SheetName}</arg>
<arg>${Row}</arg>
<arg>${Col}</arg>
</arguments>
<assign>
<var>${Cell_Value}</var>
</assign>
<msg timestamp="20190917 12:12:59.736" level="INFO">${Cell_Value} = Pass4</msg>
<status status="PASS" starttime="20190917 12:12:59.736" endtime="20190917 12:12:59.736"></status>
</kw>
<msg timestamp="20190917 12:12:59.736" level="INFO">${Password} = Pass4</msg>
<status status="PASS" starttime="20190917 12:12:59.736" endtime="20190917 12:12:59.736"></status>
</kw>
<kw name="Read Element Locator" library="UserDefindKeyword">
<arguments>
<arg>Login_Facebook.username_textbox</arg>
</arguments>
<assign>
<var>${UserName_Xpath}</var>
</assign>
<kw name="Read From Json File" library="Login">
<arguments>
<arg>${ElementName}</arg>
</arguments>
<assign>
<var>${Result}</var>
</assign>
<msg timestamp="20190917 12:12:59.736" level="INFO">${Result} = //input[@name='email']</msg>
<status status="PASS" starttime="20190917 12:12:59.736" endtime="20190917 12:12:59.736"></status>
</kw>
<msg timestamp="20190917 12:12:59.736" level="INFO">${UserName_Xpath} = //input[@name='email']</msg>
<status status="PASS" starttime="20190917 12:12:59.736" endtime="20190917 12:12:59.736"></status>
</kw>
<kw name="Read Element Locator" library="UserDefindKeyword">
<arguments>
<arg>Login_Facebook.password_textbox</arg>
</arguments>
<assign>
<var>${password_Xpath}</var>
</assign>
<kw name="Read From Json File" library="Login">
<arguments>
<arg>${ElementName}</arg>
</arguments>
<assign>
<var>${Result}</var>
</assign>
<msg timestamp="20190917 12:12:59.736" level="INFO">${Result} = //input[@name='pass']</msg>
<status status="PASS" starttime="20190917 12:12:59.736" endtime="20190917 12:12:59.736"></status>
</kw>
<msg timestamp="20190917 12:12:59.736" level="INFO">${password_Xpath} = //input[@name='pass']</msg>
<status status="PASS" starttime="20190917 12:12:59.736" endtime="20190917 12:12:59.736"></status>
</kw>
<kw name="Read Element Locator" library="UserDefindKeyword">
<arguments>
<arg>Login_Facebook.Login_Button</arg>
</arguments>
<assign>
<var>${Login_Xpath}</var>
</assign>
<kw name="Read From Json File" library="Login">
<arguments>
<arg>${ElementName}</arg>
</arguments>
<assign>
<var>${Result}</var>
</assign>
<msg timestamp="20190917 12:12:59.746" level="INFO">${Result} = //input[@type='submit']</msg>
<status status="PASS" starttime="20190917 12:12:59.736" endtime="20190917 12:12:59.746"></status>
</kw>
<msg timestamp="20190917 12:12:59.746" level="INFO">${Login_Xpath} = //input[@type='submit']</msg>
<status status="PASS" starttime="20190917 12:12:59.736" endtime="20190917 12:12:59.746"></status>
</kw>
<kw name="Input Text" library="SeleniumLibrary">
<doc>Types the given ``text`` into text field identified by ``locator``.</doc>
<arguments>
<arg>xpath:${UserName_Xpath}</arg>
<arg>${UserName}</arg>
</arguments>
<msg timestamp="20190917 12:12:59.746" level="INFO">Typing text 'user4' into text field 'xpath://input[@name='email']'.</msg>
<status status="PASS" starttime="20190917 12:12:59.746" endtime="20190917 12:12:59.878"></status>
</kw>
<kw name="Input Text" library="SeleniumLibrary">
<doc>Types the given ``text`` into text field identified by ``locator``.</doc>
<arguments>
<arg>xpath:${password_Xpath}</arg>
<arg>${Password}</arg>
</arguments>
<msg timestamp="20190917 12:12:59.879" level="INFO">Typing text 'Pass4' into text field 'xpath://input[@name='pass']'.</msg>
<status status="PASS" starttime="20190917 12:12:59.878" endtime="20190917 12:13:00.031"></status>
</kw>
<kw name="Sleep" library="BuiltIn">
<doc>Pauses the test executed for the given time.</doc>
<arguments>
<arg>5</arg>
</arguments>
<msg timestamp="20190917 12:13:05.036" level="INFO">Slept 5 seconds</msg>
<status status="PASS" starttime="20190917 12:13:00.031" endtime="20190917 12:13:05.036"></status>
</kw>
<status status="PASS" starttime="20190917 12:12:59.736" endtime="20190917 12:13:05.036"></status>
</kw>
<kw name="${i} = 6" type="foritem">
<kw name="Read Excel Data of Given Sheet" library="UserDefindKeyword">
<arguments>
<arg>Login_Credentials</arg>
<arg>${i}</arg>
<arg>1</arg>
</arguments>
<assign>
<var>${UserName}</var>
</assign>
<kw name="Read Cell Value" library="Login">
<arguments>
<arg>${SheetName}</arg>
<arg>${Row}</arg>
<arg>${Col}</arg>
</arguments>
<assign>
<var>${Cell_Value}</var>
</assign>
<msg timestamp="20190917 12:13:05.036" level="INFO">${Cell_Value} = user5</msg>
<status status="PASS" starttime="20190917 12:13:05.036" endtime="20190917 12:13:05.036"></status>
</kw>
<msg timestamp="20190917 12:13:05.036" level="INFO">${UserName} = user5</msg>
<status status="PASS" starttime="20190917 12:13:05.036" endtime="20190917 12:13:05.036"></status>
</kw>
<kw name="Read Excel Data of Given Sheet" library="UserDefindKeyword">
<arguments>
<arg>Login_Credentials</arg>
<arg>${i}</arg>
<arg>2</arg>
</arguments>
<assign>
<var>${Password}</var>
</assign>
<kw name="Read Cell Value" library="Login">
<arguments>
<arg>${SheetName}</arg>
<arg>${Row}</arg>
<arg>${Col}</arg>
</arguments>
<assign>
<var>${Cell_Value}</var>
</assign>
<msg timestamp="20190917 12:13:05.045" level="INFO">${Cell_Value} = Pass5</msg>
<status status="PASS" starttime="20190917 12:13:05.036" endtime="20190917 12:13:05.045"></status>
</kw>
<msg timestamp="20190917 12:13:05.045" level="INFO">${Password} = Pass5</msg>
<status status="PASS" starttime="20190917 12:13:05.036" endtime="20190917 12:13:05.045"></status>
</kw>
<kw name="Read Element Locator" library="UserDefindKeyword">
<arguments>
<arg>Login_Facebook.username_textbox</arg>
</arguments>
<assign>
<var>${UserName_Xpath}</var>
</assign>
<kw name="Read From Json File" library="Login">
<arguments>
<arg>${ElementName}</arg>
</arguments>
<assign>
<var>${Result}</var>
</assign>
<msg timestamp="20190917 12:13:05.045" level="INFO">${Result} = //input[@name='email']</msg>
<status status="PASS" starttime="20190917 12:13:05.045" endtime="20190917 12:13:05.045"></status>
</kw>
<msg timestamp="20190917 12:13:05.055" level="INFO">${UserName_Xpath} = //input[@name='email']</msg>
<status status="PASS" starttime="20190917 12:13:05.045" endtime="20190917 12:13:05.055"></status>
</kw>
<kw name="Read Element Locator" library="UserDefindKeyword">
<arguments>
<arg>Login_Facebook.password_textbox</arg>
</arguments>
<assign>
<var>${password_Xpath}</var>
</assign>
<kw name="Read From Json File" library="Login">
<arguments>
<arg>${ElementName}</arg>
</arguments>
<assign>
<var>${Result}</var>
</assign>
<msg timestamp="20190917 12:13:05.055" level="INFO">${Result} = //input[@name='pass']</msg>
<status status="PASS" starttime="20190917 12:13:05.055" endtime="20190917 12:13:05.055"></status>
</kw>
<msg timestamp="20190917 12:13:05.055" level="INFO">${password_Xpath} = //input[@name='pass']</msg>
<status status="PASS" starttime="20190917 12:13:05.055" endtime="20190917 12:13:05.055"></status>
</kw>
<kw name="Read Element Locator" library="UserDefindKeyword">
<arguments>
<arg>Login_Facebook.Login_Button</arg>
</arguments>
<assign>
<var>${Login_Xpath}</var>
</assign>
<kw name="Read From Json File" library="Login">
<arguments>
<arg>${ElementName}</arg>
</arguments>
<assign>
<var>${Result}</var>
</assign>
<msg timestamp="20190917 12:13:05.065" level="INFO">${Result} = //input[@type='submit']</msg>
<status status="PASS" starttime="20190917 12:13:05.055" endtime="20190917 12:13:05.065"></status>
</kw>
<msg timestamp="20190917 12:13:05.065" level="INFO">${Login_Xpath} = //input[@type='submit']</msg>
<status status="PASS" starttime="20190917 12:13:05.055" endtime="20190917 12:13:05.065"></status>
</kw>
<kw name="Input Text" library="SeleniumLibrary">
<doc>Types the given ``text`` into text field identified by ``locator``.</doc>
<arguments>
<arg>xpath:${UserName_Xpath}</arg>
<arg>${UserName}</arg>
</arguments>
<msg timestamp="20190917 12:13:05.065" level="INFO">Typing text 'user5' into text field 'xpath://input[@name='email']'.</msg>
<status status="PASS" starttime="20190917 12:13:05.065" endtime="20190917 12:13:05.189"></status>
</kw>
<kw name="Input Text" library="SeleniumLibrary">
<doc>Types the given ``text`` into text field identified by ``locator``.</doc>
<arguments>
<arg>xpath:${password_Xpath}</arg>
<arg>${Password}</arg>
</arguments>
<msg timestamp="20190917 12:13:05.190" level="INFO">Typing text 'Pass5' into text field 'xpath://input[@name='pass']'.</msg>
<status status="PASS" starttime="20190917 12:13:05.189" endtime="20190917 12:13:05.307"></status>
</kw>
<kw name="Sleep" library="BuiltIn">
<doc>Pauses the test executed for the given time.</doc>
<arguments>
<arg>5</arg>
</arguments>
<msg timestamp="20190917 12:13:10.314" level="INFO">Slept 5 seconds</msg>
<status status="PASS" starttime="20190917 12:13:05.307" endtime="20190917 12:13:10.314"></status>
</kw>
<status status="PASS" starttime="20190917 12:13:05.036" endtime="20190917 12:13:10.314"></status>
</kw>
<status status="PASS" starttime="20190917 12:12:43.786" endtime="20190917 12:13:10.314"></status>
</kw>
<kw name="Close Opened Browser" library="UserDefindKeyword" type="teardown">
<kw name="Close Browser" library="SeleniumLibrary">
<doc>Closes the current browser.</doc>
<status status="PASS" starttime="20190917 12:13:10.314" endtime="20190917 12:13:13.193"></status>
</kw>
<status status="PASS" starttime="20190917 12:13:10.314" endtime="20190917 12:13:13.193"></status>
</kw>
<status status="PASS" starttime="20190917 12:12:23.983" endtime="20190917 12:13:13.193" critical="yes"></status>
</test>
<status status="PASS" starttime="20190917 12:12:22.441" endtime="20190917 12:13:13.203"></status>
</suite>
<statistics>
<total>
<stat pass="1" fail="0">Critical Tests</stat>
<stat pass="1" fail="0">All Tests</stat>
</total>
<tag>
</tag>
<suite>
<stat pass="1" fail="0" id="s1" name="TC001 Login Facebook">TC001 Login Facebook</stat>
</suite>
</statistics>
<errors>
<msg timestamp="20190917 12:12:23.983" level="ERROR">Error in file 'C:\Users\rchethana\Documents\Practise_RobotFramework\Resources\UserDefindKeyword.robot': Test library 'PythonCoding\Login.py' does not exist.</msg>
</errors>
</robot>
